<?xml version="1.0" encoding="UTF-8"?>
<!-- Generated by org.testng.reporters.JUnitXMLReporter -->
<<<<<<< HEAD
<testsuite ignored="2" hostname="Shrikantyadav" failures="0" tests="1" name="Default test" time="11.571" errors="0" timestamp="2025-08-13T17:09:40 IST">
  <testcase classname="testCases.Tc_Brands" name="testAddNewBrand" time="8.854"/>
  <testcase classname="testCases.Tc_Brands" name="testSearchBrandAndClickProduct2" time="0.0">
    <ignored/>
  </testcase> <!-- testSearchBrandAndClickProduct2 -->
  <testcase classname="testCases.Tc_Brands" name="testSearchBrandAndClickProduct" time="0.0">
    <ignored/>
  </testcase> <!-- testSearchBrandAndClickProduct -->
=======
<testsuite ignored="3" hostname="DESKTOP-VFH6PON" failures="1" tests="1" name="Default test" time="29.525" errors="0" timestamp="2025-08-25T11:01:01 IST">
  <testcase classname="testCases.Tc_Brands" name="testSearchBrand_EditProduct_VerifyProductSuccessfully" time="19.299">
    <failure type="org.openqa.selenium.ElementClickInterceptedException" message="element click intercepted: Element &amp;lt;input type=&amp;quot;search&amp;quot; id=&amp;quot;nest-messages_category&amp;quot; autocomplete=&amp;quot;off&amp;quot; class=&amp;quot;ant-select-selection-search-input&amp;quot; role=&amp;quot;combobox&amp;quot; aria-haspopup=&amp;quot;listbox&amp;quot; aria-owns=&amp;quot;nest-messages_category_list&amp;quot; aria-autocomplete=&amp;quot;list&amp;quot; aria-controls=&amp;quot;nest-messages_category_list&amp;quot; aria-activedescendant=&amp;quot;nest-messages_category_list_0&amp;quot; aria-required=&amp;quot;true&amp;quot; value=&amp;quot;&amp;quot;&amp;gt; is not clickable at point (503, 258). Other element would receive the click: &amp;lt;span class=&amp;quot;ant-select-selection-item&amp;quot; title=&amp;quot;...&amp;quot;&amp;gt;Health Care &amp;amp;amp; Hygiene&amp;lt;/span&amp;gt;
  (Session info: chrome=139.0.7258.139)
Build info: version: &amp;apos;4.28.0&amp;apos;, revision: &amp;apos;ac342546e9&amp;apos;
System info: os.name: &amp;apos;Windows 10&amp;apos;, os.arch: &amp;apos;amd64&amp;apos;, os.version: &amp;apos;10.0&amp;apos;, java.version: &amp;apos;23.0.2&amp;apos;
Driver info: org.openqa.selenium.chrome.ChromeDriver
Command: [ad995c3359d74e1e6950008eb737df30, clickElement {id=f.3DB9E256C52FC11DD7C07FB02B5465AE.d.4F42066CD8004EE8F73846725B18592A.e.67}]
Capabilities {acceptInsecureCerts: false, browserName: chrome, browserVersion: 139.0.7258.139, chrome: {chromedriverVersion: 139.0.7258.138 (884e54ea8d4..., userDataDir: C:\Users\USER\AppData\Local...}, fedcm:accounts: true, goog:chromeOptions: {debuggerAddress: localhost:57075}, networkConnectionEnabled: false, pageLoadStrategy: normal, platformName: windows, proxy: Proxy(), se:cdp: ws://localhost:57075/devtoo..., se:cdpVersion: 139.0.7258.139, setWindowRect: true, strictFileInteractability: false, timeouts: {implicit: 0, pageLoad: 300000, script: 30000}, unhandledPromptBehavior: dismiss and notify, webauthn:extension:credBlob: true, webauthn:extension:largeBlob: true, webauthn:extension:minPinLength: true, webauthn:extension:prf: true, webauthn:virtualAuthenticators: true}
Element: [[ChromeDriver: chrome on windows (ad995c3359d74e1e6950008eb737df30)] -&amp;gt; xpath: //input[@id=&amp;apos;nest-messages_category&amp;apos;]]
Session ID: ad995c3359d74e1e6950008eb737df30">
      <![CDATA[org.openqa.selenium.ElementClickInterceptedException: element click intercepted: Element <input type="search" id="nest-messages_category" autocomplete="off" class="ant-select-selection-search-input" role="combobox" aria-haspopup="listbox" aria-owns="nest-messages_category_list" aria-autocomplete="list" aria-controls="nest-messages_category_list" aria-activedescendant="nest-messages_category_list_0" aria-required="true" value=""> is not clickable at point (503, 258). Other element would receive the click: <span class="ant-select-selection-item" title="...">Health Care &amp; Hygiene</span>
  (Session info: chrome=139.0.7258.139)
Build info: version: '4.28.0', revision: 'ac342546e9'
System info: os.name: 'Windows 10', os.arch: 'amd64', os.version: '10.0', java.version: '23.0.2'
Driver info: org.openqa.selenium.chrome.ChromeDriver
Command: [ad995c3359d74e1e6950008eb737df30, clickElement {id=f.3DB9E256C52FC11DD7C07FB02B5465AE.d.4F42066CD8004EE8F73846725B18592A.e.67}]
Capabilities {acceptInsecureCerts: false, browserName: chrome, browserVersion: 139.0.7258.139, chrome: {chromedriverVersion: 139.0.7258.138 (884e54ea8d4..., userDataDir: C:\Users\USER\AppData\Local...}, fedcm:accounts: true, goog:chromeOptions: {debuggerAddress: localhost:57075}, networkConnectionEnabled: false, pageLoadStrategy: normal, platformName: windows, proxy: Proxy(), se:cdp: ws://localhost:57075/devtoo..., se:cdpVersion: 139.0.7258.139, setWindowRect: true, strictFileInteractability: false, timeouts: {implicit: 0, pageLoad: 300000, script: 30000}, unhandledPromptBehavior: dismiss and notify, webauthn:extension:credBlob: true, webauthn:extension:largeBlob: true, webauthn:extension:minPinLength: true, webauthn:extension:prf: true, webauthn:virtualAuthenticators: true}
Element: [[ChromeDriver: chrome on windows (ad995c3359d74e1e6950008eb737df30)] -> xpath: //input[@id='nest-messages_category']]
Session ID: ad995c3359d74e1e6950008eb737df30
at java.base/jdk.internal.reflect.DirectConstructorHandleAccessor.newInstance(DirectConstructorHandleAccessor.java:62)
at java.base/java.lang.reflect.Constructor.newInstanceWithCaller(Constructor.java:501)
at java.base/java.lang.reflect.Constructor.newInstance(Constructor.java:485)
at org.openqa.selenium.remote.ErrorCodec.decode(ErrorCodec.java:167)
at org.openqa.selenium.remote.codec.w3c.W3CHttpResponseCodec.decode(W3CHttpResponseCodec.java:138)
at org.openqa.selenium.remote.codec.w3c.W3CHttpResponseCodec.decode(W3CHttpResponseCodec.java:50)
at org.openqa.selenium.remote.HttpCommandExecutor.execute(HttpCommandExecutor.java:215)
at org.openqa.selenium.remote.service.DriverCommandExecutor.invokeExecute(DriverCommandExecutor.java:216)
at org.openqa.selenium.remote.service.DriverCommandExecutor.execute(DriverCommandExecutor.java:174)
at org.openqa.selenium.remote.RemoteWebDriver.execute(RemoteWebDriver.java:545)
at org.openqa.selenium.remote.RemoteWebElement.execute(RemoteWebElement.java:223)
at org.openqa.selenium.remote.RemoteWebElement.click(RemoteWebElement.java:76)
at java.base/jdk.internal.reflect.DirectMethodHandleAccessor.invoke(DirectMethodHandleAccessor.java:103)
at java.base/java.lang.reflect.Method.invoke(Method.java:580)
at org.openqa.selenium.support.pagefactory.internal.LocatingElementHandler.invoke(LocatingElementHandler.java:51)
at jdk.proxy2/jdk.proxy2.$Proxy13.click(Unknown Source)
at pageObjects.ProductsPage.editProductCategory(ProductsPage.java:489)
at testCases.Tc_Brands.testSearchBrand_EditProduct_VerifyProductSuccessfully(Tc_Brands.java:122)
at java.base/jdk.internal.reflect.DirectMethodHandleAccessor.invoke(DirectMethodHandleAccessor.java:103)
at java.base/java.lang.reflect.Method.invoke(Method.java:580)
at org.testng.internal.invokers.MethodInvocationHelper.invokeMethod(MethodInvocationHelper.java:141)
at org.testng.internal.invokers.TestInvoker.invokeMethod(TestInvoker.java:686)
at org.testng.internal.invokers.TestInvoker.invokeTestMethod(TestInvoker.java:230)
at org.testng.internal.invokers.MethodRunner.runInSequence(MethodRunner.java:63)
at org.testng.internal.invokers.TestInvoker$MethodInvocationAgent.invoke(TestInvoker.java:992)
at org.testng.internal.invokers.TestInvoker.invokeTestMethods(TestInvoker.java:203)
at org.testng.internal.invokers.TestMethodWorker.invokeTestMethods(TestMethodWorker.java:154)
at org.testng.internal.invokers.TestMethodWorker.run(TestMethodWorker.java:134)
at java.base/java.util.ArrayList.forEach(ArrayList.java:1597)
at org.testng.TestRunner.privateRun(TestRunner.java:739)
at org.testng.TestRunner.run(TestRunner.java:614)
at org.testng.SuiteRunner.runTest(SuiteRunner.java:421)
at org.testng.SuiteRunner.runSequentially(SuiteRunner.java:413)
at org.testng.SuiteRunner.privateRun(SuiteRunner.java:373)
at org.testng.SuiteRunner.run(SuiteRunner.java:312)
at org.testng.SuiteRunnerWorker.runSuite(SuiteRunnerWorker.java:52)
at org.testng.SuiteRunnerWorker.run(SuiteRunnerWorker.java:95)
at org.testng.TestNG.runSuitesSequentially(TestNG.java:1274)
at org.testng.TestNG.runSuitesLocally(TestNG.java:1208)
at org.testng.TestNG.runSuites(TestNG.java:1112)
at org.testng.TestNG.run(TestNG.java:1079)
at org.testng.remote.AbstractRemoteTestNG.run(AbstractRemoteTestNG.java:115)
at org.testng.remote.RemoteTestNG.initAndRun(RemoteTestNG.java:293)
at org.testng.remote.RemoteTestNG.main(RemoteTestNG.java:91)
]]>
    </failure>
  </testcase> <!-- testSearchBrand_EditProduct_VerifyProductSuccessfully -->
  <testcase classname="testCases.Tc_Brands" name="verifyProductDetails" time="0.0">
    <ignored/>
  </testcase> <!-- verifyProductDetails -->
  <testcase classname="testCases.Tc_Brands" name="testSearchBrand_AddNewProduct_VerifyProductSuccessfully" time="0.0">
    <ignored/>
  </testcase> <!-- testSearchBrand_AddNewProduct_VerifyProductSuccessfully -->
  <testcase classname="testCases.Tc_Brands" name="testAddNewBrand_ShouldCreateBrandSuccessfully" time="0.0">
    <ignored/>
  </testcase> <!-- testAddNewBrand_ShouldCreateBrandSuccessfully -->
>>>>>>> 30c7fe4 (Add product and verify product details also edit product but edit is pending not done)
</testsuite> <!-- Default test -->
